<?xml version="1.0" encoding="UTF-8"?>
<testsuite name="ticketapp.DraftTicketTest" tests="1" skipped="0" failures="0" errors="0" timestamp="2020-10-28T23:27:27" hostname="AMAC02X33QZJG5M" time="0.002">
  <properties/>
  <testcase name="createDraftTicketFromTicketPriceList" classname="ticketapp.DraftTicketTest" time="0.002"/>
  <system-out><![CDATA[]]></system-out>
  <system-err><![CDATA[]]></system-err>
</testsuite>
